<?xml version="1.0" encoding="UTF-8"?>
<testng-results ignored="0" total="1" passed="1" failed="0" skipped="0">
  <reporter-output>
  </reporter-output>
  <suite started-at="2023-11-08T11:42:51 EST" name="Default suite" finished-at="2023-11-08T11:42:58 EST" duration-ms="7901">
    <groups>
    </groups>
    <test started-at="2023-11-08T11:42:51 EST" name="Default test" finished-at="2023-11-08T11:42:58 EST" duration-ms="7901">
      <class name="com.testng.practice.FirstClass">
        <test-method is-config="true" signature="setupReport()[pri:0, instance:com.testng.practice.FirstClass@1fb700ee]" started-at="2023-11-08T11:42:51 EST" name="setupReport" finished-at="2023-11-08T11:42:51 EST" duration-ms="233" status="PASS">
          <reporter-output>
          </reporter-output>
        </test-method> <!-- setupReport -->
        <test-method signature="getMouseHover()[pri:0, instance:com.testng.practice.FirstClass@1fb700ee]" started-at="2023-11-08T11:42:51 EST" name="getMouseHover" finished-at="2023-11-08T11:42:58 EST" duration-ms="7298" status="PASS">
          <reporter-output>
          </reporter-output>
        </test-method> <!-- getMouseHover -->
        <test-method is-config="true" signature="printTestReport()[pri:0, instance:com.testng.practice.FirstClass@1fb700ee]" started-at="2023-11-08T11:42:58 EST" name="printTestReport" finished-at="2023-11-08T11:42:58 EST" duration-ms="324" status="PASS">
          <reporter-output>
          </reporter-output>
        </test-method> <!-- printTestReport -->
      </class> <!-- com.testng.practice.FirstClass -->
    </test> <!-- Default test -->
  </suite> <!-- Default suite -->
</testng-results>
